app/build/intermediates/manifest_merge_blame_file/release/manifest-merger-blame-release-report.txt
1<?xml version="1.0" encoding="utf-8"?>
2<manifest xmlns:android="http://schemas.android.com/apk/res/android"
3    package="com.example.project2"
4    android:versionCode="1"
5    android:versionName="1.0" >
6
7    <uses-sdk
8        android:minSdkVersion="16"
8-->src/main/AndroidManifest.xml
9        android:targetSdkVersion="29" />
9-->src/main/AndroidManifest.xml
10
11    <uses-permission android:name="android.permission.INTERNET" />
11-->src/main/AndroidManifest.xml:5:5-66
11-->src/main/AndroidManifest.xml:5:22-64
12
13    <!-- Although the *SdkVersion is captured in gradle build files, this is required for non gradle builds -->
14    <!-- <uses-sdk android:minSdkVersion="14"/> -->
15    <uses-permission android:name="android.permission.ACCESS_NETWORK_STATE" />
15-->[com.google.firebase:firebase-database:19.2.0] AndroidManifest.xml:25:5-79
15-->[com.google.firebase:firebase-database:19.2.0] AndroidManifest.xml:25:22-76
16    <uses-permission android:name="android.permission.WAKE_LOCK" /> <!-- Required by older versions of Google Play services to create IID tokens -->
16-->[com.google.android.gms:play-services-measurement-api:17.2.0] AndroidManifest.xml:24:5-68
16-->[com.google.android.gms:play-services-measurement-api:17.2.0] AndroidManifest.xml:24:22-65
17    <uses-permission android:name="com.google.android.c2dm.permission.RECEIVE" />
17-->[com.google.firebase:firebase-iid:19.0.0] AndroidManifest.xml:26:5-82
17-->[com.google.firebase:firebase-iid:19.0.0] AndroidManifest.xml:26:22-79
18    <uses-permission android:name="com.google.android.finsky.permission.BIND_GET_INSTALL_REFERRER_SERVICE" />
18-->[com.google.android.gms:play-services-measurement:17.2.0] AndroidManifest.xml:26:5-110
18-->[com.google.android.gms:play-services-measurement:17.2.0] AndroidManifest.xml:26:22-107
19
20    <application
20-->src/main/AndroidManifest.xml:7:5-30:19
21        android:allowBackup="true"
21-->src/main/AndroidManifest.xml:8:9-35
22        android:appComponentFactory="androidx.core.app.CoreComponentFactory"
22-->[androidx.core:core:1.0.2] AndroidManifest.xml:22:18-86
23        android:icon="@mipmap/ic_launcher"
23-->src/main/AndroidManifest.xml:9:9-43
24        android:label="@string/app_name"
24-->src/main/AndroidManifest.xml:10:9-41
25        android:roundIcon="@mipmap/ic_launcher_round"
25-->src/main/AndroidManifest.xml:11:9-54
26        android:supportsRtl="true"
26-->src/main/AndroidManifest.xml:12:9-35
27        android:theme="@style/AppTheme" >
27-->src/main/AndroidManifest.xml:13:9-40
28        <activity android:name="com.example.project2.MainActivity" >
28-->src/main/AndroidManifest.xml:14:9-20:20
28-->src/main/AndroidManifest.xml:14:19-47
29            <intent-filter>
29-->src/main/AndroidManifest.xml:15:13-19:29
30                <action android:name="android.intent.action.MAIN" />
30-->src/main/AndroidManifest.xml:16:17-69
30-->src/main/AndroidManifest.xml:16:25-66
31
32                <category android:name="android.intent.category.LAUNCHER" />
32-->src/main/AndroidManifest.xml:18:17-77
32-->src/main/AndroidManifest.xml:18:27-74
33            </intent-filter>
34        </activity>
35        <activity android:name="com.example.project2.SignupActivity" >
35-->src/main/AndroidManifest.xml:21:9-27:20
35-->src/main/AndroidManifest.xml:21:19-49
36            <intent-filter>
36-->src/main/AndroidManifest.xml:15:13-19:29
37                <action android:name="android.intent.action.MAIN" />
37-->src/main/AndroidManifest.xml:16:17-69
37-->src/main/AndroidManifest.xml:16:25-66
38
39                <category android:name="android.intent.category.LAUNCHER" />
39-->src/main/AndroidManifest.xml:18:17-77
39-->src/main/AndroidManifest.xml:18:27-74
40            </intent-filter>
41        </activity>
42        <activity
42-->src/main/AndroidManifest.xml:28:9-98
43            android:name="com.example.project2.PlayerActivity"
43-->src/main/AndroidManifest.xml:28:19-49
44            android:label="@string/title_activity_players" />
44-->src/main/AndroidManifest.xml:28:50-96
45        <activity
45-->src/main/AndroidManifest.xml:29:9-82
46            android:name="com.example.project2.AddPlayer"
46-->src/main/AndroidManifest.xml:29:19-44
47            android:label="@string/add_players" />
47-->src/main/AndroidManifest.xml:29:45-80
48        <activity
48-->[com.google.firebase:firebase-auth:19.1.0] AndroidManifest.xml:24:9-31:50
49            android:name="com.google.firebase.auth.internal.FederatedSignInActivity"
49-->[com.google.firebase:firebase-auth:19.1.0] AndroidManifest.xml:25:13-85
50            android:excludeFromRecents="true"
50-->[com.google.firebase:firebase-auth:19.1.0] AndroidManifest.xml:26:13-46
51            android:exported="true"
51-->[com.google.firebase:firebase-auth:19.1.0] AndroidManifest.xml:27:13-36
52            android:launchMode="singleTask"
52-->[com.google.firebase:firebase-auth:19.1.0] AndroidManifest.xml:28:13-44
53            android:permission="com.google.firebase.auth.api.gms.permission.LAUNCH_FEDERATED_SIGN_IN"
53-->[com.google.firebase:firebase-auth:19.1.0] AndroidManifest.xml:29:13-102
54            android:theme="@android:style/Theme.Translucent.NoTitleBar" />
54-->[com.google.firebase:firebase-auth:19.1.0] AndroidManifest.xml:30:13-72
55
56        <service
56-->[com.google.firebase:firebase-auth:19.1.0] AndroidManifest.xml:33:9-39:19
57            android:name="com.google.firebase.components.ComponentDiscoveryService"
57-->[com.google.firebase:firebase-auth:19.1.0] AndroidManifest.xml:34:13-84
58            android:directBootAware="true"
58-->[com.google.firebase:firebase-common:19.2.0] AndroidManifest.xml:15:13-43
59            android:exported="false" >
59-->[com.google.firebase:firebase-auth:19.1.0] AndroidManifest.xml:35:13-37
60            <meta-data
60-->[com.google.firebase:firebase-auth:19.1.0] AndroidManifest.xml:36:13-38:85
61                android:name="com.google.firebase.components:com.google.firebase.auth.FirebaseAuthRegistrar"
61-->[com.google.firebase:firebase-auth:19.1.0] AndroidManifest.xml:37:17-109
62                android:value="com.google.firebase.components.ComponentRegistrar" />
62-->[com.google.firebase:firebase-auth:19.1.0] AndroidManifest.xml:38:17-82
63            <meta-data
63-->[com.google.firebase:firebase-database:19.2.0] AndroidManifest.xml:32:13-34:85
64                android:name="com.google.firebase.components:com.google.firebase.database.DatabaseRegistrar"
64-->[com.google.firebase:firebase-database:19.2.0] AndroidManifest.xml:33:17-109
65                android:value="com.google.firebase.components.ComponentRegistrar" />
65-->[com.google.firebase:firebase-database:19.2.0] AndroidManifest.xml:34:17-82
66            <meta-data
66-->[com.google.android.gms:play-services-measurement-api:17.2.0] AndroidManifest.xml:30:13-32:85
67                android:name="com.google.firebase.components:com.google.firebase.analytics.connector.internal.AnalyticsConnectorRegistrar"
67-->[com.google.android.gms:play-services-measurement-api:17.2.0] AndroidManifest.xml:31:17-139
68                android:value="com.google.firebase.components.ComponentRegistrar" />
68-->[com.google.android.gms:play-services-measurement-api:17.2.0] AndroidManifest.xml:32:17-82
69            <meta-data
69-->[com.google.firebase:firebase-iid:19.0.0] AndroidManifest.xml:32:13-34:85
70                android:name="com.google.firebase.components:com.google.firebase.iid.Registrar"
70-->[com.google.firebase:firebase-iid:19.0.0] AndroidManifest.xml:33:17-96
71                android:value="com.google.firebase.components.ComponentRegistrar" />
71-->[com.google.firebase:firebase-iid:19.0.0] AndroidManifest.xml:34:17-82
72        </service>
73
74        <receiver
74-->[com.google.firebase:firebase-iid:19.0.0] AndroidManifest.xml:37:9-44:20
75            android:name="com.google.firebase.iid.FirebaseInstanceIdReceiver"
75-->[com.google.firebase:firebase-iid:19.0.0] AndroidManifest.xml:38:13-78
76            android:exported="true"
76-->[com.google.firebase:firebase-iid:19.0.0] AndroidManifest.xml:39:13-36
77            android:permission="com.google.android.c2dm.permission.SEND" >
77-->[com.google.firebase:firebase-iid:19.0.0] AndroidManifest.xml:40:13-73
78            <intent-filter>
78-->[com.google.firebase:firebase-iid:19.0.0] AndroidManifest.xml:41:13-43:29
79                <action android:name="com.google.android.c2dm.intent.RECEIVE" />
79-->[com.google.firebase:firebase-iid:19.0.0] AndroidManifest.xml:42:17-81
79-->[com.google.firebase:firebase-iid:19.0.0] AndroidManifest.xml:42:25-78
80            </intent-filter>
81        </receiver>
82
83        <activity
83-->[com.google.android.gms:play-services-base:17.1.0] AndroidManifest.xml:23:9-26:75
84            android:name="com.google.android.gms.common.api.GoogleApiActivity"
84-->[com.google.android.gms:play-services-base:17.1.0] AndroidManifest.xml:24:13-79
85            android:exported="false"
85-->[com.google.android.gms:play-services-base:17.1.0] AndroidManifest.xml:25:13-37
86            android:theme="@android:style/Theme.Translucent.NoTitleBar" />
86-->[com.google.android.gms:play-services-base:17.1.0] AndroidManifest.xml:26:13-72
87
88        <provider
88-->[com.google.firebase:firebase-common:19.2.0] AndroidManifest.xml:19:9-23:39
89            android:name="com.google.firebase.provider.FirebaseInitProvider"
89-->[com.google.firebase:firebase-common:19.2.0] AndroidManifest.xml:20:13-77
90            android:authorities="com.example.project2.firebaseinitprovider"
90-->[com.google.firebase:firebase-common:19.2.0] AndroidManifest.xml:21:13-72
91            android:exported="false"
91-->[com.google.firebase:firebase-common:19.2.0] AndroidManifest.xml:22:13-37
92            android:initOrder="100" />
92-->[com.google.firebase:firebase-common:19.2.0] AndroidManifest.xml:23:13-36
93
94        <receiver
94-->[com.google.android.gms:play-services-measurement:17.2.0] AndroidManifest.xml:29:9-33:20
95            android:name="com.google.android.gms.measurement.AppMeasurementReceiver"
95-->[com.google.android.gms:play-services-measurement:17.2.0] AndroidManifest.xml:30:13-85
96            android:enabled="true"
96-->[com.google.android.gms:play-services-measurement:17.2.0] AndroidManifest.xml:31:13-35
97            android:exported="false" >
97-->[com.google.android.gms:play-services-measurement:17.2.0] AndroidManifest.xml:32:13-37
98        </receiver>
99        <receiver
99-->[com.google.android.gms:play-services-measurement:17.2.0] AndroidManifest.xml:34:9-42:20
100            android:name="com.google.android.gms.measurement.AppMeasurementInstallReferrerReceiver"
100-->[com.google.android.gms:play-services-measurement:17.2.0] AndroidManifest.xml:35:13-100
101            android:enabled="true"
101-->[com.google.android.gms:play-services-measurement:17.2.0] AndroidManifest.xml:36:13-35
102            android:exported="true"
102-->[com.google.android.gms:play-services-measurement:17.2.0] AndroidManifest.xml:37:13-36
103            android:permission="android.permission.INSTALL_PACKAGES" >
103-->[com.google.android.gms:play-services-measurement:17.2.0] AndroidManifest.xml:38:13-69
104            <intent-filter>
104-->[com.google.android.gms:play-services-measurement:17.2.0] AndroidManifest.xml:39:13-41:29
105                <action android:name="com.android.vending.INSTALL_REFERRER" />
105-->[com.google.android.gms:play-services-measurement:17.2.0] AndroidManifest.xml:40:17-79
105-->[com.google.android.gms:play-services-measurement:17.2.0] AndroidManifest.xml:40:25-76
106            </intent-filter>
107        </receiver>
108
109        <service
109-->[com.google.android.gms:play-services-measurement:17.2.0] AndroidManifest.xml:44:9-47:40
110            android:name="com.google.android.gms.measurement.AppMeasurementService"
110-->[com.google.android.gms:play-services-measurement:17.2.0] AndroidManifest.xml:45:13-84
111            android:enabled="true"
111-->[com.google.android.gms:play-services-measurement:17.2.0] AndroidManifest.xml:46:13-35
112            android:exported="false" />
112-->[com.google.android.gms:play-services-measurement:17.2.0] AndroidManifest.xml:47:13-37
113        <service
113-->[com.google.android.gms:play-services-measurement:17.2.0] AndroidManifest.xml:48:9-52:72
114            android:name="com.google.android.gms.measurement.AppMeasurementJobService"
114-->[com.google.android.gms:play-services-measurement:17.2.0] AndroidManifest.xml:49:13-87
115            android:enabled="true"
115-->[com.google.android.gms:play-services-measurement:17.2.0] AndroidManifest.xml:50:13-35
116            android:exported="false"
116-->[com.google.android.gms:play-services-measurement:17.2.0] AndroidManifest.xml:51:13-37
117            android:permission="android.permission.BIND_JOB_SERVICE" />
117-->[com.google.android.gms:play-services-measurement:17.2.0] AndroidManifest.xml:52:13-69
118
119        <meta-data
119-->[com.google.android.gms:play-services-basement:17.0.0] AndroidManifest.xml:23:9-25:69
120            android:name="com.google.android.gms.version"
120-->[com.google.android.gms:play-services-basement:17.0.0] AndroidManifest.xml:24:13-58
121            android:value="@integer/google_play_services_version" />
121-->[com.google.android.gms:play-services-basement:17.0.0] AndroidManifest.xml:25:13-66
122    </application>
123
124</manifest>